[15 Abr 2020 12:29:34] Building database metadata model
[15 Abr 2020 12:29:34] Properties: {partialRefresh=false, processColumnsUsingSelect=, includePrimaryKeys=true, eventSocketClient=com.webratio.commons.net.EventSocketClient@732c2163, includeTables=true, username=root, outputLogPath=D:\WebRatio\Projects\WE101\.Temp~\DB.xml.log, readIndexes=null, driverClass=com.mysql.jdbc.Driver, includeSynonyms=true, metaDataProviderClass=com.webratio.commons.db.metadata.MySQLMetaDataProvider, outputPath=D:\WebRatio\Projects\WE101\.Temp~\DB.xml, schemaRegex=null, readProcedures=null, includeViews=true, derby.system.home=D:\WebRatio\WebRatio Platform 7.2.18.x64bit\workspace\.metadata\.plugins\com.webratio.commons.db\derby, url=jdbc:mysql://localhost:3306/webratio, tableRegex=null, readSQLDefinitions=true, includeForeignKeys=false, retrieveAllNames=false, tablesToRefresh=, eventSocketPort=51028}
[15 Abr 2020 12:29:34] URL: jdbc:mysql://localhost:3306/webratio
[15 Abr 2020 12:29:34] Product name: MySQL
[15 Abr 2020 12:29:34] Product version: 5.6.45-log
[15 Abr 2020 12:29:34] Driver name: MySQL Connector Java
[15 Abr 2020 12:29:34] Driver version: mysql-connector-java-5.1.31 ( Revision: alexander.soklakov@oracle.com-20140520065950-groqzzbvxprqdmnz )
[15 Abr 2020 12:29:34] Driver major version: 5
[15 Abr 2020 12:29:34] Driver minor version: 1
[15 Abr 2020 12:29:34] Identifier quote string: 1
[15 Abr 2020 12:29:34] Retrieving schemas
[15 Abr 2020 12:29:34] Retrieving [TABLE, VIEW, SYNONYM] for schema ''
[15 Abr 2020 12:29:34]   Found 'crosswalk' [type = TABLE]
[15 Abr 2020 12:29:34]   Found 'group' [type = TABLE]
[15 Abr 2020 12:29:34]   Found 'group_module' [type = TABLE]
[15 Abr 2020 12:29:34]   Found 'module' [type = TABLE]
[15 Abr 2020 12:29:34]   Found 'pedestrian' [type = TABLE]
[15 Abr 2020 12:29:34]   Found 'pedestrian_crosswalk' [type = TABLE]
[15 Abr 2020 12:29:34]   Found 'pedestrians_last_month' [type = TABLE]
[15 Abr 2020 12:29:34]   Found 'user' [type = TABLE]
[15 Abr 2020 12:29:34]   Found 'user_group' [type = TABLE]
[15 Abr 2020 12:29:34]   Found 'vehicle' [type = TABLE]
[15 Abr 2020 12:29:34]   Found 'vehicle_crosswalk' [type = TABLE]
[15 Abr 2020 12:29:34]   Found 'vehicles_last_month' [type = TABLE]
[15 Abr 2020 12:29:34] Retrieving columns for 'crosswalk' [type = TABLE]
[15 Abr 2020 12:29:34]   Found column: oid [type = INT][SQL/XOPEN type = 4][size = 10][dec. digits = 0]
[15 Abr 2020 12:29:34]   Found column: latitude [type = NUMERIC][SQL/XOPEN type = 2][size = 19][dec. digits = 2]
[15 Abr 2020 12:29:34]   Found column: longitude [type = NUMERIC][SQL/XOPEN type = 2][size = 19][dec. digits = 2]
[15 Abr 2020 12:29:34]   Found column: state [type = VARCHAR][SQL/XOPEN type = 12][size = 255][dec. digits = 0]
[15 Abr 2020 12:29:34] Retrieving primary keys for 'crosswalk' [type = TABLE]
[15 Abr 2020 12:29:34]   Found primary key column: oid
[15 Abr 2020 12:29:34] Retrieving columns for 'group' [type = TABLE]
[15 Abr 2020 12:29:34]   Found column: oid [type = INT][SQL/XOPEN type = 4][size = 10][dec. digits = 0]
[15 Abr 2020 12:29:34]   Found column: groupname [type = VARCHAR][SQL/XOPEN type = 12][size = 255][dec. digits = 0]
[15 Abr 2020 12:29:34]   Found column: module_oid [type = INT][SQL/XOPEN type = 4][size = 10][dec. digits = 0]
[15 Abr 2020 12:29:34] Retrieving primary keys for 'group' [type = TABLE]
[15 Abr 2020 12:29:34]   Found primary key column: oid
[15 Abr 2020 12:29:34] Retrieving columns for 'group_module' [type = TABLE]
[15 Abr 2020 12:29:34]   Found column: group_oid [type = INT][SQL/XOPEN type = 4][size = 10][dec. digits = 0]
[15 Abr 2020 12:29:34]   Found column: module_oid [type = INT][SQL/XOPEN type = 4][size = 10][dec. digits = 0]
[15 Abr 2020 12:29:34] Retrieving primary keys for 'group_module' [type = TABLE]
[15 Abr 2020 12:29:34]   Found primary key column: group_oid
[15 Abr 2020 12:29:34]   Found primary key column: module_oid
[15 Abr 2020 12:29:34] Retrieving columns for 'module' [type = TABLE]
[15 Abr 2020 12:29:34]   Found column: oid [type = INT][SQL/XOPEN type = 4][size = 10][dec. digits = 0]
[15 Abr 2020 12:29:34]   Found column: moduleid [type = VARCHAR][SQL/XOPEN type = 12][size = 255][dec. digits = 0]
[15 Abr 2020 12:29:34]   Found column: modulename [type = VARCHAR][SQL/XOPEN type = 12][size = 255][dec. digits = 0]
[15 Abr 2020 12:29:34] Retrieving primary keys for 'module' [type = TABLE]
[15 Abr 2020 12:29:34]   Found primary key column: oid
[15 Abr 2020 12:29:34] Retrieving columns for 'pedestrian' [type = TABLE]
[15 Abr 2020 12:29:34]   Found column: oid [type = INT][SQL/XOPEN type = 4][size = 10][dec. digits = 0]
[15 Abr 2020 12:29:34]   Found column: latitude [type = NUMERIC][SQL/XOPEN type = 2][size = 19][dec. digits = 2]
[15 Abr 2020 12:29:34]   Found column: longitude [type = NUMERIC][SQL/XOPEN type = 2][size = 19][dec. digits = 2]
[15 Abr 2020 12:29:34] Retrieving primary keys for 'pedestrian' [type = TABLE]
[15 Abr 2020 12:29:34]   Found primary key column: oid
[15 Abr 2020 12:29:34] Retrieving columns for 'pedestrian_crosswalk' [type = TABLE]
[15 Abr 2020 12:29:34]   Found column: pedestrian_oid [type = INT][SQL/XOPEN type = 4][size = 10][dec. digits = 0]
[15 Abr 2020 12:29:34]   Found column: crosswalk_oid [type = INT][SQL/XOPEN type = 4][size = 10][dec. digits = 0]
[15 Abr 2020 12:29:34] Retrieving primary keys for 'pedestrian_crosswalk' [type = TABLE]
[15 Abr 2020 12:29:34]   Found primary key column: pedestrian_oid
[15 Abr 2020 12:29:34]   Found primary key column: crosswalk_oid
[15 Abr 2020 12:29:34] Retrieving columns for 'pedestrians_last_month' [type = TABLE]
[15 Abr 2020 12:29:34]   Found column: pedestrian_oid [type = INT][SQL/XOPEN type = 4][size = 10][dec. digits = 0]
[15 Abr 2020 12:29:34]   Found column: crosswalk_oid [type = INT][SQL/XOPEN type = 4][size = 10][dec. digits = 0]
[15 Abr 2020 12:29:34] Retrieving primary keys for 'pedestrians_last_month' [type = TABLE]
[15 Abr 2020 12:29:34]   Found primary key column: pedestrian_oid
[15 Abr 2020 12:29:34]   Found primary key column: crosswalk_oid
[15 Abr 2020 12:29:34] Retrieving columns for 'user' [type = TABLE]
[15 Abr 2020 12:29:34]   Found column: oid [type = INT][SQL/XOPEN type = 4][size = 10][dec. digits = 0]
[15 Abr 2020 12:29:34]   Found column: email [type = VARCHAR][SQL/XOPEN type = 12][size = 255][dec. digits = 0]
[15 Abr 2020 12:29:34]   Found column: password [type = VARCHAR][SQL/XOPEN type = 12][size = 255][dec. digits = 0]
[15 Abr 2020 12:29:34]   Found column: name [type = VARCHAR][SQL/XOPEN type = 12][size = 255][dec. digits = 0]
[15 Abr 2020 12:29:34]   Found column: username [type = VARCHAR][SQL/XOPEN type = 12][size = 255][dec. digits = 0]
[15 Abr 2020 12:29:34]   Found column: group_oid [type = INT][SQL/XOPEN type = 4][size = 10][dec. digits = 0]
[15 Abr 2020 12:29:34] Retrieving primary keys for 'user' [type = TABLE]
[15 Abr 2020 12:29:34]   Found primary key column: oid
[15 Abr 2020 12:29:34] Retrieving columns for 'user_group' [type = TABLE]
[15 Abr 2020 12:29:34]   Found column: user_oid [type = INT][SQL/XOPEN type = 4][size = 10][dec. digits = 0]
[15 Abr 2020 12:29:34]   Found column: group_oid [type = INT][SQL/XOPEN type = 4][size = 10][dec. digits = 0]
[15 Abr 2020 12:29:34] Retrieving primary keys for 'user_group' [type = TABLE]
[15 Abr 2020 12:29:34]   Found primary key column: user_oid
[15 Abr 2020 12:29:34]   Found primary key column: group_oid
[15 Abr 2020 12:29:34] Retrieving columns for 'vehicle' [type = TABLE]
[15 Abr 2020 12:29:34]   Found column: oid [type = INT][SQL/XOPEN type = 4][size = 10][dec. digits = 0]
[15 Abr 2020 12:29:34]   Found column: latitude [type = NUMERIC][SQL/XOPEN type = 2][size = 19][dec. digits = 2]
[15 Abr 2020 12:29:34]   Found column: longitude [type = NUMERIC][SQL/XOPEN type = 2][size = 19][dec. digits = 2]
[15 Abr 2020 12:29:34] Retrieving primary keys for 'vehicle' [type = TABLE]
[15 Abr 2020 12:29:34]   Found primary key column: oid
[15 Abr 2020 12:29:34] Retrieving columns for 'vehicle_crosswalk' [type = TABLE]
[15 Abr 2020 12:29:34]   Found column: vehicle_oid [type = INT][SQL/XOPEN type = 4][size = 10][dec. digits = 0]
[15 Abr 2020 12:29:34]   Found column: crosswalk_oid [type = INT][SQL/XOPEN type = 4][size = 10][dec. digits = 0]
[15 Abr 2020 12:29:34] Retrieving primary keys for 'vehicle_crosswalk' [type = TABLE]
[15 Abr 2020 12:29:34]   Found primary key column: vehicle_oid
[15 Abr 2020 12:29:34]   Found primary key column: crosswalk_oid
[15 Abr 2020 12:29:34] Retrieving columns for 'vehicles_last_month' [type = TABLE]
[15 Abr 2020 12:29:34]   Found column: vehicle_oid [type = INT][SQL/XOPEN type = 4][size = 10][dec. digits = 0]
[15 Abr 2020 12:29:34]   Found column: crosswalk_oid [type = INT][SQL/XOPEN type = 4][size = 10][dec. digits = 0]
[15 Abr 2020 12:29:34] Retrieving primary keys for 'vehicles_last_month' [type = TABLE]
[15 Abr 2020 12:29:34]   Found primary key column: vehicle_oid
[15 Abr 2020 12:29:34]   Found primary key column: crosswalk_oid
[15 Abr 2020 12:29:34] Database metadata retrieved (156 ms)
[15 Abr 2020 12:29:34] Retrieving auto-increment columns for 'crosswalk' [type = TABLE]
[15 Abr 2020 12:29:34] Retrieving auto-increment columns for 'group' [type = TABLE]
[15 Abr 2020 12:29:34] Retrieving auto-increment columns for 'group_module' [type = TABLE]
[15 Abr 2020 12:29:34] Retrieving auto-increment columns for 'module' [type = TABLE]
[15 Abr 2020 12:29:34] Retrieving auto-increment columns for 'pedestrian' [type = TABLE]
[15 Abr 2020 12:29:34] Retrieving auto-increment columns for 'pedestrian_crosswalk' [type = TABLE]
[15 Abr 2020 12:29:34] Retrieving auto-increment columns for 'pedestrians_last_month' [type = TABLE]
[15 Abr 2020 12:29:34] Retrieving auto-increment columns for 'user' [type = TABLE]
[15 Abr 2020 12:29:34] Retrieving auto-increment columns for 'user_group' [type = TABLE]
[15 Abr 2020 12:29:34] Retrieving auto-increment columns for 'vehicle' [type = TABLE]
[15 Abr 2020 12:29:34] Retrieving auto-increment columns for 'vehicle_crosswalk' [type = TABLE]
[15 Abr 2020 12:29:34] Retrieving auto-increment columns for 'vehicles_last_month' [type = TABLE]
[15 Abr 2020 12:29:34] Database connection closed
